<?xml version="1.0" encoding="UTF-8" ?>
<testsuite tests="22" failures="0" name="posting.test.RunCukesTest" time="0.007" errors="0" skipped="0">
  <properties>
[...]
</properties>
  <testcase classname="Given the Sminq Mobile App is opened on &quot;local&quot;     " name="Given the Sminq Mobile App is opened on &quot;local&quot;     " time="0.004"/>
  <testcase classname="When I allow &quot;Notification&quot; access      " name="When I allow &quot;Notification&quot; access      " time="0"/>
  <testcase classname="And I login with Google       " name="And I login with Google       " time="0"/>
  <testcase classname="And I allow &quot;Google Sign In&quot; access        " name="And I allow &quot;Google Sign In&quot; access        " time="0"/>
  <testcase classname="And I enter &quot;saviant.sminq&quot; as username and &quot;Sminq@123&quot; as password         " name="And I enter &quot;saviant.sminq&quot; as username and &quot;Sminq@123&quot; as password         " time="0"/>
  <testcase classname="And I allow &quot;Sminq Location&quot; access          " name="And I allow &quot;Sminq Location&quot; access          " time="0"/>
  <testcase classname="And I allow &quot;iOS Location&quot; access           " name="And I allow &quot;iOS Location&quot; access           " time="0"/>
  <testcase classname="Then the home page is displayed            " name="Then the home page is displayed            " time="0"/>
  <testcase classname="When I click on the camera icon to create a post             " name="When I click on the camera icon to create a post             " time="0"/>
  <testcase classname="And I allow &quot;Sminq Camera&quot; access              " name="And I allow &quot;Sminq Camera&quot; access              " time="0"/>
  <testcase classname="And I allow &quot;iOS Camera&quot; access               " name="And I allow &quot;iOS Camera&quot; access               " time="0"/>
  <testcase classname="And I allow &quot;Sminq Microphone&quot; access                " name="And I allow &quot;Sminq Microphone&quot; access                " time="0.001"/>
  <testcase classname="And I allow &quot;iOS Microphone&quot; access                 " name="And I allow &quot;iOS Microphone&quot; access                 " time="0"/>
  <testcase classname="And I click a photograph                  " name="And I click a photograph                  " time="0"/>
  <testcase classname="And I select the first location as &quot;My_Location&quot;                   " name="And I select the first location as &quot;My_Location&quot;                   " time="0.001"/>
  <testcase classname="And I select mood icon &quot;MEH&quot;                    " name="And I select mood icon &quot;MEH&quot;                    " time="0"/>
  <testcase classname="And I click on &quot;DONE&quot;                     " name="And I click on &quot;DONE&quot;                     " time="0"/>
  <testcase classname="And I click on &quot;POST&quot;                      " name="And I click on &quot;POST&quot;                      " time="0"/>
  <testcase classname="Then the post should be added to the home page                       " name="Then the post should be added to the home page                       " time="0"/>
  <testcase classname="And the location of the post should be &quot;My_Location&quot;                        " name="And the location of the post should be &quot;My_Location&quot;                        " time="0"/>
  <testcase classname="And the mood of the post should be &quot;MEH&quot;                         " name="And the mood of the post should be &quot;MEH&quot;                         " time="0"/>
  <testcase classname="| saviant.sminq | Sminq@123 | MEH |    " name="| saviant.sminq | Sminq@123 | MEH |    " time="0.001"/>
</testsuite>